2019-11-07T10:24:03|CRITICAL|root|Unhandled exception:Traceback (most recent call last):
  File "C:\ProgramData\Anaconda3\lib\site-packages\ScopeFoundry\hardware.py", line 219, in enable_connection
    raise err
  File "C:\ProgramData\Anaconda3\lib\site-packages\ScopeFoundry\hardware.py", line 212, in enable_connection
    self.disconnect()
  File "C:\ProgramData\Anaconda3\lib\site-packages\ScopeFoundry\hardware.py", line 198, in disconnect
    raise NotImplementedError()
NotImplementedError

2019-11-07T10:24:09|CRITICAL|root|Unhandled exception:Traceback (most recent call last):
  File "C:\ProgramData\Anaconda3\lib\site-packages\ScopeFoundry\hardware.py", line 204, in enable_connection
    self.connect()
  File "C:\Users\Admin\Desktop\MFCS_python_old\PumpHardware.py", line 39, in connect
    self.read_pressure_1.hardware_read_func = self.MFCS.read_pressure_channel(1)
AttributeError: 'MFCSDevice' object has no attribute 'read_pressure_channel'

During handling of the above exception, another exception occurred:

Traceback (most recent call last):
  File "C:\ProgramData\Anaconda3\lib\site-packages\ScopeFoundry\hardware.py", line 219, in enable_connection
    raise err
  File "C:\ProgramData\Anaconda3\lib\site-packages\ScopeFoundry\hardware.py", line 212, in enable_connection
    self.disconnect()
  File "C:\ProgramData\Anaconda3\lib\site-packages\ScopeFoundry\hardware.py", line 198, in disconnect
    raise NotImplementedError()
NotImplementedError

2019-11-07T10:24:09|CRITICAL|root|Unhandled exception:Traceback (most recent call last):
  File "C:\ProgramData\Anaconda3\lib\site-packages\ScopeFoundry\hardware.py", line 208, in enable_connection
    raise err
  File "C:\ProgramData\Anaconda3\lib\site-packages\ScopeFoundry\hardware.py", line 204, in enable_connection
    self.connect()
  File "C:\Users\Admin\Desktop\MFCS_python_old\PumpHardware.py", line 39, in connect
    self.read_pressure_1.hardware_read_func = self.MFCS.read_pressure_channel(1)
AttributeError: 'MFCSDevice' object has no attribute 'read_pressure_channel'

